mode: set
salimon/nexus/helpers/jwt.go:12.28,14.2 1 1
salimon/nexus/helpers/jwt.go:16.62,23.2 4 1
salimon/nexus/helpers/jwt.go:25.57,31.2 2 1
salimon/nexus/helpers/jwt.go:33.58,39.2 2 1
salimon/nexus/helpers/jwt.go:41.62,43.16 2 1
salimon/nexus/helpers/jwt.go:43.16,45.3 1 0
salimon/nexus/helpers/jwt.go:46.2,47.16 2 1
salimon/nexus/helpers/jwt.go:47.16,49.3 1 0
salimon/nexus/helpers/jwt.go:50.2,50.41 1 1
salimon/nexus/helpers/jwt.go:53.47,56.78 2 1
salimon/nexus/helpers/jwt.go:56.78,57.58 1 1
salimon/nexus/helpers/jwt.go:57.58,59.4 1 0
salimon/nexus/helpers/jwt.go:60.3,60.24 1 1
salimon/nexus/helpers/jwt.go:63.2,63.16 1 1
salimon/nexus/helpers/jwt.go:63.16,65.3 1 0
salimon/nexus/helpers/jwt.go:67.2,67.69 1 1
salimon/nexus/helpers/jwt.go:67.69,70.3 2 1
salimon/nexus/helpers/jwt.go:70.8,72.3 1 0
